<?xml version="1.0" encoding="UTF-8"?>
<!-- Generated by org.testng.reporters.JUnitReportReporter -->
<testsuite skipped="0" hostname="DESKTOP-K2BIR38" name="com.bit.macy.SmokeTest" tests="1" failures="0" timestamp="07 Mar 2018 01:44:39 GMT" time="34.105" errors="0">
  <testcase name="test1" time="34.105" classname="com.bit.macy.SmokeTest"/>
</testsuite> <!-- com.bit.macy.SmokeTest -->
