<?xml version="1.0" encoding="UTF-8"?>
<!-- Generated by org.testng.reporters.JUnitReportReporter -->
<testsuite skipped="0" hostname="DESKTOP-K2BIR38" name="com.bit.macy.SmokeTest" tests="1" failures="0" timestamp="23 Nov 2017 02:35:17 GMT" time="25.192" errors="0">
  <testcase name="test1" time="25.192" classname="com.bit.macy.SmokeTest"/>
</testsuite> <!-- com.bit.macy.SmokeTest -->
